{"/Users/ethanwang/Github/RombotRNTest/App.js": {"path":"/Users/ethanwang/Github/RombotRNTest/App.js","statementMap":{"0":{"start":{"line":18,"column":21},"end":{"line":27,"column":2}},"1":{"start":{"line":41,"column":30},"end":{"line":41,"column":62}},"2":{"start":{"line":43,"column":15},"end":{"line":43,"column":31}},"3":{"start":{"line":44,"column":19},"end":{"line":44,"column":51}},"4":{"start":{"line":45,"column":14},"end":{"line":45,"column":66}},"5":{"start":{"line":49,"column":4},"end":{"line":53,"column":6}}},"fnMap":{"0":{"name":"(anonymous_0)","decl":{"start":{"line":48,"column":2},"end":{"line":48,"column":3}},"loc":{"start":{"line":48,"column":11},"end":{"line":54,"column":3}},"line":48}},"branchMap":{},"s":{"0":1,"1":1,"2":1,"3":1,"4":1,"5":1},"f":{"0":1},"b":{},"_coverageSchema":"43e27e138ebf9cfc5966b082cf9a028302ed4184","hash":"f54f92647990e5060993c4c02cf546af321aef97"}
,"/Users/ethanwang/Github/RombotRNTest/__tests__/__fixtures__/bleDevices.js": {"path":"/Users/ethanwang/Github/RombotRNTest/__tests__/__fixtures__/bleDevices.js","statementMap":{"0":{"start":{"line":2,"column":26},"end":{"line":274,"column":22}}},"fnMap":{},"branchMap":{},"s":{"0":2},"f":{},"b":{},"_coverageSchema":"43e27e138ebf9cfc5966b082cf9a028302ed4184","hash":"447edc0b4bb60f34356e409b1f97b8c2447755a4"}
,"/Users/ethanwang/Github/RombotRNTest/__tests__/__fixtures__/jobsResponses.js": {"path":"/Users/ethanwang/Github/RombotRNTest/__tests__/__fixtures__/jobsResponses.js","statementMap":{"0":{"start":{"line":1,"column":23},"end":{"line":13,"column":1}},"1":{"start":{"line":15,"column":33},"end":{"line":574,"column":1}},"2":{"start":{"line":576,"column":24},"end":{"line":663,"column":223}},"3":{"start":{"line":665,"column":34},"end":{"line":665,"column":66}}},"fnMap":{},"branchMap":{},"s":{"0":2,"1":2,"2":2,"3":2},"f":{},"b":{},"_coverageSchema":"43e27e138ebf9cfc5966b082cf9a028302ed4184","hash":"20970eec5b23131511d9b463167ed319ad719b67"}
,"/Users/ethanwang/Github/RombotRNTest/src/components/FastImageWithPlaceholder.js": {"path":"/Users/ethanwang/Github/RombotRNTest/src/components/FastImageWithPlaceholder.js","statementMap":{"0":{"start":{"line":12,"column":4},"end":{"line":12,"column":16}},"1":{"start":{"line":13,"column":4},"end":{"line":15,"column":5}},"2":{"start":{"line":19,"column":24},"end":{"line":19,"column":40}},"3":{"start":{"line":20,"column":22},"end":{"line":23,"column":3}},"4":{"start":{"line":24,"column":2},"end":{"line":41,"column":3}},"5":{"start":{"line":29,"column":28},"end":{"line":29,"column":63}},"6":{"start":{"line":45,"column":15},"end":{"line":56,"column":2}},"7":{"start":{"line":58,"column":0},"end":{"line":61,"column":1}}},"fnMap":{"0":{"name":"(anonymous_0)","decl":{"start":{"line":11,"column":1},"end":{"line":11,"column":2}},"loc":{"start":{"line":11,"column":20},"end":{"line":16,"column":3}},"line":11},"1":{"name":"(anonymous_1)","decl":{"start":{"line":18,"column":1},"end":{"line":18,"column":2}},"loc":{"start":{"line":18,"column":10},"end":{"line":42,"column":2}},"line":18},"2":{"name":"(anonymous_2)","decl":{"start":{"line":29,"column":22},"end":{"line":29,"column":23}},"loc":{"start":{"line":29,"column":28},"end":{"line":29,"column":63}},"line":29}},"branchMap":{"0":{"loc":{"start":{"line":14,"column":20},"end":{"line":14,"column":52}},"type":"cond-expr","locations":[{"start":{"line":14,"column":40},"end":{"line":14,"column":45}},{"start":{"line":14,"column":48},"end":{"line":14,"column":52}}],"line":14},"1":{"loc":{"start":{"line":26,"column":9},"end":{"line":33,"column":9}},"type":"cond-expr","locations":[{"start":{"line":27,"column":9},"end":{"line":30,"column":11}},{"start":{"line":32,"column":9},"end":{"line":32,"column":58}}],"line":26},"2":{"loc":{"start":{"line":34,"column":9},"end":{"line":38,"column":9}},"type":"binary-expr","locations":[{"start":{"line":34,"column":9},"end":{"line":34,"column":33}},{"start":{"line":35,"column":9},"end":{"line":37,"column":16}}],"line":34}},"s":{"0":2,"1":2,"2":2,"3":2,"4":2,"5":0,"6":4,"7":4},"f":{"0":2,"1":2,"2":0},"b":{"0":[1,1],"1":[1,1],"2":[2,1]},"_coverageSchema":"43e27e138ebf9cfc5966b082cf9a028302ed4184","hash":"d1ebb99a1982ecc2b24347a69f6e293df8b57734"}
,"/Users/ethanwang/Github/RombotRNTest/src/components/JobCard.js": {"path":"/Users/ethanwang/Github/RombotRNTest/src/components/JobCard.js","statementMap":{"0":{"start":{"line":26,"column":18},"end":{"line":52,"column":3}},"1":{"start":{"line":27,"column":58},"end":{"line":27,"column":68}},"2":{"start":{"line":28,"column":4},"end":{"line":51,"column":5}},"3":{"start":{"line":29,"column":6},"end":{"line":33,"column":7}},"4":{"start":{"line":36,"column":6},"end":{"line":50,"column":7}},"5":{"start":{"line":37,"column":8},"end":{"line":46,"column":9}},"6":{"start":{"line":42,"column":16},"end":{"line":42,"column":91}},"7":{"start":{"line":49,"column":8},"end":{"line":49,"column":111}},"8":{"start":{"line":54,"column":16},"end":{"line":113,"column":3}},"9":{"start":{"line":56,"column":54},"end":{"line":56,"column":64}},"10":{"start":{"line":57,"column":4},"end":{"line":57,"column":51}},"11":{"start":{"line":59,"column":4},"end":{"line":112,"column":5}},"12":{"start":{"line":116,"column":4},"end":{"line":118,"column":23}},"13":{"start":{"line":122,"column":4},"end":{"line":124,"column":30}},"14":{"start":{"line":129,"column":27},"end":{"line":151,"column":3}},"15":{"start":{"line":130,"column":4},"end":{"line":150,"column":5}},"16":{"start":{"line":134,"column":62},"end":{"line":134,"column":121}},"17":{"start":{"line":136,"column":31},"end":{"line":136,"column":65}},"18":{"start":{"line":154,"column":4},"end":{"line":154,"column":156}},"19":{"start":{"line":158,"column":26},"end":{"line":158,"column":28}},"20":{"start":{"line":160,"column":27},"end":{"line":160,"column":36}},"21":{"start":{"line":162,"column":15},"end":{"line":271,"column":2}},"22":{"start":{"line":273,"column":24},"end":{"line":279,"column":1}},"23":{"start":{"line":274,"column":2},"end":{"line":278,"column":3}},"24":{"start":{"line":281,"column":27},"end":{"line":283,"column":1}},"25":{"start":{"line":287,"column":0},"end":{"line":294,"column":1}}},"fnMap":{"0":{"name":"(anonymous_0)","decl":{"start":{"line":26,"column":18},"end":{"line":26,"column":19}},"loc":{"start":{"line":26,"column":24},"end":{"line":52,"column":3}},"line":26},"1":{"name":"(anonymous_1)","decl":{"start":{"line":41,"column":69},"end":{"line":41,"column":70}},"loc":{"start":{"line":42,"column":16},"end":{"line":42,"column":91}},"line":42},"2":{"name":"(anonymous_2)","decl":{"start":{"line":54,"column":16},"end":{"line":54,"column":17}},"loc":{"start":{"line":54,"column":22},"end":{"line":113,"column":3}},"line":54},"3":{"name":"(anonymous_3)","decl":{"start":{"line":129,"column":27},"end":{"line":129,"column":28}},"loc":{"start":{"line":129,"column":33},"end":{"line":151,"column":3}},"line":129},"4":{"name":"(anonymous_4)","decl":{"start":{"line":134,"column":38},"end":{"line":134,"column":39}},"loc":{"start":{"line":134,"column":62},"end":{"line":134,"column":121}},"line":134},"5":{"name":"(anonymous_5)","decl":{"start":{"line":136,"column":25},"end":{"line":136,"column":26}},"loc":{"start":{"line":136,"column":31},"end":{"line":136,"column":65}},"line":136},"6":{"name":"(anonymous_6)","decl":{"start":{"line":153,"column":2},"end":{"line":153,"column":3}},"loc":{"start":{"line":153,"column":11},"end":{"line":155,"column":3}},"line":153},"7":{"name":"(anonymous_7)","decl":{"start":{"line":273,"column":24},"end":{"line":273,"column":25}},"loc":{"start":{"line":273,"column":33},"end":{"line":279,"column":1}},"line":273}},"branchMap":{"0":{"loc":{"start":{"line":28,"column":4},"end":{"line":51,"column":5}},"type":"if","locations":[{"start":{"line":28,"column":4},"end":{"line":51,"column":5}},{"start":{"line":28,"column":4},"end":{"line":51,"column":5}}],"line":28},"1":{"loc":{"start":{"line":36,"column":6},"end":{"line":50,"column":7}},"type":"if","locations":[{"start":{"line":36,"column":6},"end":{"line":50,"column":7}},{"start":{"line":36,"column":6},"end":{"line":50,"column":7}}],"line":36},"2":{"loc":{"start":{"line":36,"column":10},"end":{"line":36,"column":101}},"type":"binary-expr","locations":[{"start":{"line":36,"column":10},"end":{"line":36,"column":46}},{"start":{"line":36,"column":50},"end":{"line":36,"column":101}}],"line":36},"3":{"loc":{"start":{"line":57,"column":10},"end":{"line":57,"column":51}},"type":"cond-expr","locations":[{"start":{"line":57,"column":23},"end":{"line":57,"column":45}},{"start":{"line":57,"column":48},"end":{"line":57,"column":51}}],"line":57},"4":{"loc":{"start":{"line":60,"column":19},"end":{"line":60,"column":81}},"type":"cond-expr","locations":[{"start":{"line":60,"column":32},"end":{"line":60,"column":60}},{"start":{"line":60,"column":63},"end":{"line":60,"column":81}}],"line":60},"5":{"loc":{"start":{"line":69,"column":20},"end":{"line":69,"column":83}},"type":"cond-expr","locations":[{"start":{"line":69,"column":48},"end":{"line":69,"column":57}},{"start":{"line":69,"column":60},"end":{"line":69,"column":83}}],"line":69},"6":{"loc":{"start":{"line":98,"column":9},"end":{"line":98,"column":57}},"type":"binary-expr","locations":[{"start":{"line":98,"column":9},"end":{"line":98,"column":19}},{"start":{"line":98,"column":24},"end":{"line":98,"column":56}}],"line":98},"7":{"loc":{"start":{"line":100,"column":9},"end":{"line":109,"column":9}},"type":"binary-expr","locations":[{"start":{"line":100,"column":9},"end":{"line":100,"column":19}},{"start":{"line":101,"column":10},"end":{"line":108,"column":23}}],"line":100},"8":{"loc":{"start":{"line":103,"column":13},"end":{"line":103,"column":61}},"type":"binary-expr","locations":[{"start":{"line":103,"column":13},"end":{"line":103,"column":23}},{"start":{"line":103,"column":28},"end":{"line":103,"column":60}}],"line":103},"9":{"loc":{"start":{"line":154,"column":11},"end":{"line":154,"column":156}},"type":"cond-expr","locations":[{"start":{"line":154,"column":35},"end":{"line":154,"column":64}},{"start":{"line":154,"column":68},"end":{"line":154,"column":155}}],"line":154},"10":{"loc":{"start":{"line":154,"column":68},"end":{"line":154,"column":155}},"type":"cond-expr","locations":[{"start":{"line":154,"column":92},"end":{"line":154,"column":120}},{"start":{"line":154,"column":123},"end":{"line":154,"column":155}}],"line":154}},"s":{"0":4,"1":6,"2":6,"3":0,"4":6,"5":3,"6":36,"7":3,"8":4,"9":10,"10":10,"11":10,"12":4,"13":4,"14":4,"15":2,"16":0,"17":0,"18":4,"19":3,"20":3,"21":3,"22":3,"23":0,"24":3,"25":3},"f":{"0":6,"1":36,"2":10,"3":2,"4":0,"5":0,"6":4,"7":0},"b":{"0":[0,6],"1":[3,3],"2":[6,3],"3":[6,4],"4":[6,4],"5":[3,7],"6":[10,6],"7":[10,6],"8":[6,6],"9":[2,2],"10":[2,0]},"_coverageSchema":"43e27e138ebf9cfc5966b082cf9a028302ed4184","hash":"a9501f1daab029f5dac3cd85b26fd1979650d464"}
,"/Users/ethanwang/Github/RombotRNTest/src/redux/index.js": {"path":"/Users/ethanwang/Github/RombotRNTest/src/redux/index.js","statementMap":{"0":{"start":{"line":1,"column":24},"end":{"line":1,"column":48}},"1":{"start":{"line":2,"column":32},"end":{"line":2,"column":64}},"2":{"start":{"line":3,"column":29},"end":{"line":3,"column":58}},"3":{"start":{"line":4,"column":32},"end":{"line":4,"column":68}},"4":{"start":{"line":5,"column":34},"end":{"line":5,"column":72}},"5":{"start":{"line":6,"column":26},"end":{"line":6,"column":51}},"6":{"start":{"line":7,"column":34},"end":{"line":7,"column":67}},"7":{"start":{"line":8,"column":31},"end":{"line":8,"column":61}},"8":{"start":{"line":9,"column":34},"end":{"line":9,"column":67}},"9":{"start":{"line":10,"column":42},"end":{"line":10,"column":83}},"10":{"start":{"line":11,"column":39},"end":{"line":11,"column":77}},"11":{"start":{"line":12,"column":30},"end":{"line":12,"column":70}},"12":{"start":{"line":13,"column":39},"end":{"line":13,"column":88}},"13":{"start":{"line":14,"column":41},"end":{"line":14,"column":92}},"14":{"start":{"line":30,"column":2},"end":{"line":71,"column":3}},"15":{"start":{"line":32,"column":6},"end":{"line":32,"column":41}},"16":{"start":{"line":34,"column":6},"end":{"line":34,"column":158}},"17":{"start":{"line":36,"column":6},"end":{"line":36,"column":63}},"18":{"start":{"line":38,"column":6},"end":{"line":38,"column":77}},"19":{"start":{"line":40,"column":6},"end":{"line":40,"column":50}},"20":{"start":{"line":42,"column":6},"end":{"line":42,"column":41}},"21":{"start":{"line":44,"column":23},"end":{"line":44,"column":37}},"22":{"start":{"line":46,"column":6},"end":{"line":46,"column":74}},"23":{"start":{"line":47,"column":6},"end":{"line":47,"column":125}},"24":{"start":{"line":48,"column":6},"end":{"line":48,"column":60}},"25":{"start":{"line":50,"column":6},"end":{"line":50,"column":63}},"26":{"start":{"line":52,"column":6},"end":{"line":52,"column":41}},"27":{"start":{"line":54,"column":6},"end":{"line":54,"column":161}},"28":{"start":{"line":55,"column":6},"end":{"line":55,"column":60}},"29":{"start":{"line":57,"column":6},"end":{"line":57,"column":63}},"30":{"start":{"line":59,"column":28},"end":{"line":59,"column":42}},"31":{"start":{"line":61,"column":6},"end":{"line":63,"column":7}},"32":{"start":{"line":61,"column":37},"end":{"line":61,"column":58}},"33":{"start":{"line":62,"column":8},"end":{"line":62,"column":25}},"34":{"start":{"line":64,"column":6},"end":{"line":64,"column":69}},"35":{"start":{"line":66,"column":6},"end":{"line":66,"column":89}},"36":{"start":{"line":68,"column":6},"end":{"line":68,"column":56}},"37":{"start":{"line":70,"column":6},"end":{"line":70,"column":19}},"38":{"start":{"line":75,"column":2},"end":{"line":82,"column":4}},"39":{"start":{"line":86,"column":2},"end":{"line":91,"column":4}},"40":{"start":{"line":95,"column":2},"end":{"line":97,"column":4}},"41":{"start":{"line":101,"column":2},"end":{"line":109,"column":4}},"42":{"start":{"line":113,"column":2},"end":{"line":121,"column":4}},"43":{"start":{"line":125,"column":2},"end":{"line":136,"column":3}},"44":{"start":{"line":127,"column":4},"end":{"line":127,"column":51}},"45":{"start":{"line":128,"column":24},"end":{"line":128,"column":57}},"46":{"start":{"line":130,"column":4},"end":{"line":135,"column":5}},"47":{"start":{"line":131,"column":6},"end":{"line":134,"column":8}},"48":{"start":{"line":132,"column":35},"end":{"line":132,"column":79}},"49":{"start":{"line":133,"column":8},"end":{"line":133,"column":85}},"50":{"start":{"line":140,"column":2},"end":{"line":145,"column":4}},"51":{"start":{"line":149,"column":2},"end":{"line":154,"column":4}},"52":{"start":{"line":158,"column":2},"end":{"line":160,"column":4}},"53":{"start":{"line":166,"column":2},"end":{"line":174,"column":4}},"54":{"start":{"line":167,"column":4},"end":{"line":170,"column":5}},"55":{"start":{"line":169,"column":6},"end":{"line":169,"column":22}},"56":{"start":{"line":173,"column":4},"end":{"line":173,"column":36}}},"fnMap":{"0":{"name":"reducer","decl":{"start":{"line":16,"column":24},"end":{"line":16,"column":31}},"loc":{"start":{"line":29,"column":2},"end":{"line":72,"column":1}},"line":29},"1":{"name":"(anonymous_1)","decl":{"start":{"line":61,"column":32},"end":{"line":61,"column":33}},"loc":{"start":{"line":61,"column":37},"end":{"line":61,"column":58}},"line":61},"2":{"name":"listJobs","decl":{"start":{"line":74,"column":16},"end":{"line":74,"column":24}},"loc":{"start":{"line":74,"column":31},"end":{"line":83,"column":1}},"line":74},"3":{"name":"setJobSelectedIndex","decl":{"start":{"line":85,"column":16},"end":{"line":85,"column":35}},"loc":{"start":{"line":85,"column":54},"end":{"line":92,"column":1}},"line":85},"4":{"name":"resetJobSelectedIndex","decl":{"start":{"line":94,"column":16},"end":{"line":94,"column":37}},"loc":{"start":{"line":94,"column":40},"end":{"line":98,"column":1}},"line":94},"5":{"name":"getJobId","decl":{"start":{"line":100,"column":16},"end":{"line":100,"column":24}},"loc":{"start":{"line":100,"column":50},"end":{"line":110,"column":1}},"line":100},"6":{"name":"getRelatedSkills","decl":{"start":{"line":112,"column":16},"end":{"line":112,"column":32}},"loc":{"start":{"line":112,"column":58},"end":{"line":122,"column":1}},"line":112},"7":{"name":"setJobSelectedIndexAndGetRelatedSkills","decl":{"start":{"line":124,"column":16},"end":{"line":124,"column":54}},"loc":{"start":{"line":124,"column":73},"end":{"line":137,"column":1}},"line":124},"8":{"name":"(anonymous_8)","decl":{"start":{"line":125,"column":9},"end":{"line":125,"column":10}},"loc":{"start":{"line":125,"column":33},"end":{"line":136,"column":3}},"line":125},"9":{"name":"(anonymous_9)","decl":{"start":{"line":131,"column":74},"end":{"line":131,"column":75}},"loc":{"start":{"line":131,"column":80},"end":{"line":134,"column":7}},"line":131},"10":{"name":"addBleDevice","decl":{"start":{"line":139,"column":16},"end":{"line":139,"column":28}},"loc":{"start":{"line":139,"column":40},"end":{"line":146,"column":1}},"line":139},"11":{"name":"setBleDeviceSelectedIndex","decl":{"start":{"line":148,"column":16},"end":{"line":148,"column":41}},"loc":{"start":{"line":148,"column":66},"end":{"line":155,"column":1}},"line":148},"12":{"name":"resetBleDeviceSelectedIndex","decl":{"start":{"line":157,"column":16},"end":{"line":157,"column":43}},"loc":{"start":{"line":157,"column":46},"end":{"line":161,"column":1}},"line":157},"13":{"name":"updateObjectInArray","decl":{"start":{"line":165,"column":9},"end":{"line":165,"column":28}},"loc":{"start":{"line":165,"column":44},"end":{"line":175,"column":1}},"line":165},"14":{"name":"(anonymous_14)","decl":{"start":{"line":166,"column":19},"end":{"line":166,"column":20}},"loc":{"start":{"line":166,"column":36},"end":{"line":174,"column":3}},"line":166}},"branchMap":{"0":{"loc":{"start":{"line":17,"column":2},"end":{"line":28,"column":3}},"type":"default-arg","locations":[{"start":{"line":17,"column":10},"end":{"line":28,"column":3}}],"line":17},"1":{"loc":{"start":{"line":30,"column":2},"end":{"line":71,"column":3}},"type":"switch","locations":[{"start":{"line":31,"column":4},"end":{"line":32,"column":41}},{"start":{"line":33,"column":4},"end":{"line":34,"column":158}},{"start":{"line":35,"column":4},"end":{"line":36,"column":63}},{"start":{"line":37,"column":4},"end":{"line":38,"column":77}},{"start":{"line":39,"column":4},"end":{"line":40,"column":50}},{"start":{"line":41,"column":4},"end":{"line":42,"column":41}},{"start":{"line":43,"column":4},"end":{"line":48,"column":60}},{"start":{"line":49,"column":4},"end":{"line":50,"column":63}},{"start":{"line":51,"column":4},"end":{"line":52,"column":41}},{"start":{"line":53,"column":4},"end":{"line":55,"column":60}},{"start":{"line":56,"column":4},"end":{"line":57,"column":63}},{"start":{"line":58,"column":4},"end":{"line":64,"column":69}},{"start":{"line":65,"column":4},"end":{"line":66,"column":89}},{"start":{"line":67,"column":4},"end":{"line":68,"column":56}},{"start":{"line":69,"column":4},"end":{"line":70,"column":19}}],"line":30},"2":{"loc":{"start":{"line":46,"column":14},"end":{"line":46,"column":74}},"type":"cond-expr","locations":[{"start":{"line":46,"column":37},"end":{"line":46,"column":66}},{"start":{"line":46,"column":70},"end":{"line":46,"column":74}}],"line":46},"3":{"loc":{"start":{"line":46,"column":37},"end":{"line":46,"column":66}},"type":"cond-expr","locations":[{"start":{"line":46,"column":47},"end":{"line":46,"column":59}},{"start":{"line":46,"column":62},"end":{"line":46,"column":66}}],"line":46},"4":{"loc":{"start":{"line":61,"column":6},"end":{"line":63,"column":7}},"type":"if","locations":[{"start":{"line":61,"column":6},"end":{"line":63,"column":7}},{"start":{"line":61,"column":6},"end":{"line":63,"column":7}}],"line":61},"5":{"loc":{"start":{"line":130,"column":4},"end":{"line":135,"column":5}},"type":"if","locations":[{"start":{"line":130,"column":4},"end":{"line":135,"column":5}},{"start":{"line":130,"column":4},"end":{"line":135,"column":5}}],"line":130},"6":{"loc":{"start":{"line":167,"column":4},"end":{"line":170,"column":5}},"type":"if","locations":[{"start":{"line":167,"column":4},"end":{"line":170,"column":5}},{"start":{"line":167,"column":4},"end":{"line":170,"column":5}}],"line":167}},"s":{"0":6,"1":6,"2":6,"3":6,"4":6,"5":6,"6":6,"7":6,"8":6,"9":6,"10":6,"11":6,"12":6,"13":6,"14":2,"15":1,"16":0,"17":0,"18":0,"19":0,"20":0,"21":0,"22":0,"23":0,"24":0,"25":0,"26":0,"27":0,"28":0,"29":0,"30":0,"31":0,"32":0,"33":0,"34":0,"35":0,"36":0,"37":1,"38":1,"39":1,"40":1,"41":0,"42":0,"43":0,"44":0,"45":0,"46":0,"47":0,"48":0,"49":0,"50":0,"51":0,"52":0,"53":0,"54":0,"55":0,"56":0},"f":{"0":2,"1":0,"2":1,"3":1,"4":1,"5":0,"6":0,"7":0,"8":0,"9":0,"10":0,"11":0,"12":0,"13":0,"14":0},"b":{"0":[1],"1":[1,0,0,0,0,0,0,0,0,0,0,0,0,0,1],"2":[0,0],"3":[0,0],"4":[0,0],"5":[0,0],"6":[0,0]},"_coverageSchema":"43e27e138ebf9cfc5966b082cf9a028302ed4184","hash":"0bcad034a4df851b83dd024056e60168feaf3f30"}
,"/Users/ethanwang/Github/RombotRNTest/src/res/Colors.js": {"path":"/Users/ethanwang/Github/RombotRNTest/src/res/Colors.js","statementMap":{},"fnMap":{},"branchMap":{},"s":{},"f":{},"b":{},"_coverageSchema":"43e27e138ebf9cfc5966b082cf9a028302ed4184","hash":"9766b006bdcd42aedcf99e0899beda7aa8a063f8"}
,"/Users/ethanwang/Github/RombotRNTest/src/screens/BluetoothDetail.js": {"path":"/Users/ethanwang/Github/RombotRNTest/src/screens/BluetoothDetail.js","statementMap":{"0":{"start":{"line":19,"column":14},"end":{"line":22,"column":3}},"1":{"start":{"line":20,"column":4},"end":{"line":20,"column":44}},"2":{"start":{"line":21,"column":4},"end":{"line":21,"column":34}},"3":{"start":{"line":24,"column":18},"end":{"line":39,"column":3}},"4":{"start":{"line":25,"column":4},"end":{"line":38,"column":5}},"5":{"start":{"line":41,"column":23},"end":{"line":46,"column":3}},"6":{"start":{"line":42,"column":4},"end":{"line":45,"column":11}},"7":{"start":{"line":49,"column":17},"end":{"line":62,"column":3}},"8":{"start":{"line":50,"column":4},"end":{"line":61,"column":5}},"9":{"start":{"line":51,"column":6},"end":{"line":57,"column":7}},"10":{"start":{"line":54,"column":12},"end":{"line":54,"column":62}},"11":{"start":{"line":60,"column":6},"end":{"line":60,"column":49}},"12":{"start":{"line":65,"column":51},"end":{"line":65,"column":61}},"13":{"start":{"line":66,"column":22},"end":{"line":66,"column":95}},"14":{"start":{"line":68,"column":4},"end":{"line":95,"column":5}},"15":{"start":{"line":101,"column":15},"end":{"line":134,"column":2}},"16":{"start":{"line":136,"column":24},"end":{"line":141,"column":1}},"17":{"start":{"line":137,"column":2},"end":{"line":140,"column":3}},"18":{"start":{"line":143,"column":27},"end":{"line":145,"column":1}},"19":{"start":{"line":149,"column":0},"end":{"line":153,"column":1}}},"fnMap":{"0":{"name":"(anonymous_0)","decl":{"start":{"line":19,"column":14},"end":{"line":19,"column":15}},"loc":{"start":{"line":19,"column":20},"end":{"line":22,"column":3}},"line":19},"1":{"name":"(anonymous_1)","decl":{"start":{"line":24,"column":18},"end":{"line":24,"column":19}},"loc":{"start":{"line":24,"column":24},"end":{"line":39,"column":3}},"line":24},"2":{"name":"(anonymous_2)","decl":{"start":{"line":41,"column":23},"end":{"line":41,"column":24}},"loc":{"start":{"line":42,"column":4},"end":{"line":45,"column":11}},"line":42},"3":{"name":"(anonymous_3)","decl":{"start":{"line":49,"column":17},"end":{"line":49,"column":18}},"loc":{"start":{"line":49,"column":35},"end":{"line":62,"column":3}},"line":49},"4":{"name":"(anonymous_4)","decl":{"start":{"line":53,"column":21},"end":{"line":53,"column":22}},"loc":{"start":{"line":53,"column":38},"end":{"line":55,"column":11}},"line":53},"5":{"name":"(anonymous_5)","decl":{"start":{"line":64,"column":2},"end":{"line":64,"column":3}},"loc":{"start":{"line":64,"column":11},"end":{"line":96,"column":3}},"line":64},"6":{"name":"(anonymous_6)","decl":{"start":{"line":136,"column":24},"end":{"line":136,"column":25}},"loc":{"start":{"line":136,"column":33},"end":{"line":141,"column":1}},"line":136}},"branchMap":{"0":{"loc":{"start":{"line":44,"column":36},"end":{"line":44,"column":63}},"type":"cond-expr","locations":[{"start":{"line":44,"column":43},"end":{"line":44,"column":47}},{"start":{"line":44,"column":50},"end":{"line":44,"column":63}}],"line":44},"1":{"loc":{"start":{"line":50,"column":4},"end":{"line":61,"column":5}},"type":"if","locations":[{"start":{"line":50,"column":4},"end":{"line":61,"column":5}},{"start":{"line":50,"column":4},"end":{"line":61,"column":5}}],"line":50},"2":{"loc":{"start":{"line":66,"column":22},"end":{"line":66,"column":95}},"type":"cond-expr","locations":[{"start":{"line":66,"column":54},"end":{"line":66,"column":88}},{"start":{"line":66,"column":91},"end":{"line":66,"column":95}}],"line":66},"3":{"loc":{"start":{"line":79,"column":9},"end":{"line":92,"column":9}},"type":"cond-expr","locations":[{"start":{"line":80,"column":10},"end":{"line":87,"column":17}},{"start":{"line":89,"column":10},"end":{"line":91,"column":17}}],"line":79}},"s":{"0":1,"1":0,"2":0,"3":1,"4":1,"5":1,"6":6,"7":1,"8":2,"9":0,"10":0,"11":2,"12":1,"13":1,"14":1,"15":2,"16":2,"17":0,"18":2,"19":2},"f":{"0":0,"1":1,"2":6,"3":2,"4":0,"5":1,"6":0},"b":{"0":[2,4],"1":[0,2],"2":[1,0],"3":[1,0]},"_coverageSchema":"43e27e138ebf9cfc5966b082cf9a028302ed4184","hash":"0ea3f2d4f822173748be9ac9abf603a6e9ebf93f"}
,"/Users/ethanwang/Github/RombotRNTest/src/screens/BluetoothList.js": {"path":"/Users/ethanwang/Github/RombotRNTest/src/screens/BluetoothList.js","statementMap":{"0":{"start":{"line":24,"column":4},"end":{"line":24,"column":16}},"1":{"start":{"line":25,"column":4},"end":{"line":25,"column":38}},"2":{"start":{"line":30,"column":4},"end":{"line":40,"column":5}},"3":{"start":{"line":31,"column":6},"end":{"line":36,"column":8}},"4":{"start":{"line":32,"column":8},"end":{"line":34,"column":9}},"5":{"start":{"line":33,"column":10},"end":{"line":33,"column":42}},"6":{"start":{"line":35,"column":8},"end":{"line":35,"column":48}},"7":{"start":{"line":39,"column":6},"end":{"line":39,"column":38}},"8":{"start":{"line":44,"column":4},"end":{"line":44,"column":36}},"9":{"start":{"line":47,"column":30},"end":{"line":61,"column":3}},"10":{"start":{"line":48,"column":4},"end":{"line":58,"column":5}},"11":{"start":{"line":52,"column":8},"end":{"line":55,"column":9}},"12":{"start":{"line":53,"column":10},"end":{"line":53,"column":62}},"13":{"start":{"line":54,"column":10},"end":{"line":54,"column":17}},"14":{"start":{"line":56,"column":8},"end":{"line":56,"column":46}},"15":{"start":{"line":60,"column":4},"end":{"line":60,"column":61}},"16":{"start":{"line":60,"column":21},"end":{"line":60,"column":53}},"17":{"start":{"line":64,"column":4},"end":{"line":78,"column":5}},"18":{"start":{"line":65,"column":22},"end":{"line":74,"column":7}},"19":{"start":{"line":75,"column":6},"end":{"line":75,"column":61}},"20":{"start":{"line":77,"column":6},"end":{"line":77,"column":25}},"21":{"start":{"line":81,"column":26},"end":{"line":84,"column":3}},"22":{"start":{"line":82,"column":4},"end":{"line":82,"column":47}},"23":{"start":{"line":83,"column":4},"end":{"line":83,"column":53}},"24":{"start":{"line":86,"column":18},"end":{"line":101,"column":3}},"25":{"start":{"line":87,"column":4},"end":{"line":100,"column":5}},"26":{"start":{"line":95,"column":25},"end":{"line":95,"column":55}},"27":{"start":{"line":103,"column":21},"end":{"line":105,"column":3}},"28":{"start":{"line":104,"column":4},"end":{"line":104,"column":36}},"29":{"start":{"line":107,"column":23},"end":{"line":112,"column":3}},"30":{"start":{"line":108,"column":4},"end":{"line":111,"column":11}},"31":{"start":{"line":114,"column":25},"end":{"line":132,"column":3}},"32":{"start":{"line":115,"column":4},"end":{"line":131,"column":5}},"33":{"start":{"line":116,"column":39},"end":{"line":116,"column":72}},"34":{"start":{"line":134,"column":27},"end":{"line":134,"column":51}},"35":{"start":{"line":134,"column":44},"end":{"line":134,"column":51}},"36":{"start":{"line":136,"column":18},"end":{"line":141,"column":3}},"37":{"start":{"line":137,"column":4},"end":{"line":140,"column":5}},"38":{"start":{"line":144,"column":27},"end":{"line":144,"column":37}},"39":{"start":{"line":146,"column":4},"end":{"line":159,"column":5}},"40":{"start":{"line":165,"column":15},"end":{"line":220,"column":2}},"41":{"start":{"line":222,"column":24},"end":{"line":226,"column":1}},"42":{"start":{"line":223,"column":2},"end":{"line":225,"column":3}},"43":{"start":{"line":228,"column":27},"end":{"line":231,"column":1}},"44":{"start":{"line":235,"column":0},"end":{"line":239,"column":1}}},"fnMap":{"0":{"name":"(anonymous_0)","decl":{"start":{"line":23,"column":2},"end":{"line":23,"column":3}},"loc":{"start":{"line":23,"column":21},"end":{"line":26,"column":3}},"line":23},"1":{"name":"(anonymous_1)","decl":{"start":{"line":28,"column":2},"end":{"line":28,"column":3}},"loc":{"start":{"line":28,"column":22},"end":{"line":41,"column":3}},"line":28},"2":{"name":"(anonymous_2)","decl":{"start":{"line":31,"column":48},"end":{"line":31,"column":49}},"loc":{"start":{"line":31,"column":61},"end":{"line":36,"column":7}},"line":31},"3":{"name":"(anonymous_3)","decl":{"start":{"line":43,"column":2},"end":{"line":43,"column":3}},"loc":{"start":{"line":43,"column":24},"end":{"line":45,"column":3}},"line":43},"4":{"name":"(anonymous_4)","decl":{"start":{"line":47,"column":30},"end":{"line":47,"column":31}},"loc":{"start":{"line":47,"column":36},"end":{"line":61,"column":3}},"line":47},"5":{"name":"(anonymous_5)","decl":{"start":{"line":51,"column":6},"end":{"line":51,"column":7}},"loc":{"start":{"line":51,"column":32},"end":{"line":57,"column":7}},"line":51},"6":{"name":"(anonymous_6)","decl":{"start":{"line":60,"column":15},"end":{"line":60,"column":16}},"loc":{"start":{"line":60,"column":21},"end":{"line":60,"column":53}},"line":60},"7":{"name":"(anonymous_7)","decl":{"start":{"line":63,"column":2},"end":{"line":63,"column":3}},"loc":{"start":{"line":63,"column":40},"end":{"line":79,"column":3}},"line":63},"8":{"name":"(anonymous_8)","decl":{"start":{"line":81,"column":26},"end":{"line":81,"column":27}},"loc":{"start":{"line":81,"column":37},"end":{"line":84,"column":3}},"line":81},"9":{"name":"(anonymous_9)","decl":{"start":{"line":86,"column":18},"end":{"line":86,"column":19}},"loc":{"start":{"line":86,"column":24},"end":{"line":101,"column":3}},"line":86},"10":{"name":"(anonymous_10)","decl":{"start":{"line":95,"column":19},"end":{"line":95,"column":20}},"loc":{"start":{"line":95,"column":25},"end":{"line":95,"column":55}},"line":95},"11":{"name":"(anonymous_11)","decl":{"start":{"line":103,"column":21},"end":{"line":103,"column":22}},"loc":{"start":{"line":104,"column":4},"end":{"line":104,"column":36}},"line":104},"12":{"name":"(anonymous_12)","decl":{"start":{"line":107,"column":23},"end":{"line":107,"column":24}},"loc":{"start":{"line":108,"column":4},"end":{"line":111,"column":11}},"line":108},"13":{"name":"(anonymous_13)","decl":{"start":{"line":114,"column":25},"end":{"line":114,"column":26}},"loc":{"start":{"line":114,"column":44},"end":{"line":132,"column":3}},"line":114},"14":{"name":"(anonymous_14)","decl":{"start":{"line":116,"column":33},"end":{"line":116,"column":34}},"loc":{"start":{"line":116,"column":39},"end":{"line":116,"column":72}},"line":116},"15":{"name":"(anonymous_15)","decl":{"start":{"line":134,"column":27},"end":{"line":134,"column":28}},"loc":{"start":{"line":134,"column":44},"end":{"line":134,"column":51}},"line":134},"16":{"name":"(anonymous_16)","decl":{"start":{"line":136,"column":18},"end":{"line":136,"column":19}},"loc":{"start":{"line":136,"column":24},"end":{"line":141,"column":3}},"line":136},"17":{"name":"(anonymous_17)","decl":{"start":{"line":143,"column":2},"end":{"line":143,"column":3}},"loc":{"start":{"line":143,"column":11},"end":{"line":160,"column":3}},"line":143},"18":{"name":"(anonymous_18)","decl":{"start":{"line":222,"column":24},"end":{"line":222,"column":25}},"loc":{"start":{"line":222,"column":33},"end":{"line":226,"column":1}},"line":222}},"branchMap":{"0":{"loc":{"start":{"line":30,"column":4},"end":{"line":40,"column":5}},"type":"if","locations":[{"start":{"line":30,"column":4},"end":{"line":40,"column":5}},{"start":{"line":30,"column":4},"end":{"line":40,"column":5}}],"line":30},"1":{"loc":{"start":{"line":32,"column":8},"end":{"line":34,"column":9}},"type":"if","locations":[{"start":{"line":32,"column":8},"end":{"line":34,"column":9}},{"start":{"line":32,"column":8},"end":{"line":34,"column":9}}],"line":32},"2":{"loc":{"start":{"line":52,"column":8},"end":{"line":55,"column":9}},"type":"if","locations":[{"start":{"line":52,"column":8},"end":{"line":55,"column":9}},{"start":{"line":52,"column":8},"end":{"line":55,"column":9}}],"line":52},"3":{"loc":{"start":{"line":110,"column":36},"end":{"line":110,"column":63}},"type":"cond-expr","locations":[{"start":{"line":110,"column":43},"end":{"line":110,"column":47}},{"start":{"line":110,"column":50},"end":{"line":110,"column":63}}],"line":110}},"s":{"0":1,"1":1,"2":1,"3":0,"4":0,"5":0,"6":0,"7":1,"8":0,"9":1,"10":1,"11":0,"12":0,"13":0,"14":0,"15":1,"16":0,"17":0,"18":0,"19":0,"20":0,"21":1,"22":0,"23":0,"24":1,"25":0,"26":0,"27":1,"28":0,"29":1,"30":0,"31":1,"32":0,"33":0,"34":1,"35":0,"36":1,"37":0,"38":1,"39":1,"40":2,"41":2,"42":0,"43":2,"44":2},"f":{"0":1,"1":1,"2":0,"3":0,"4":1,"5":0,"6":0,"7":0,"8":0,"9":0,"10":0,"11":0,"12":0,"13":0,"14":0,"15":0,"16":0,"17":1,"18":0},"b":{"0":[0,1],"1":[0,0],"2":[0,0],"3":[0,0]},"_coverageSchema":"43e27e138ebf9cfc5966b082cf9a028302ed4184","hash":"0c046a3dc530c6d5ee1d29ade0c76b24889fdc04"}
,"/Users/ethanwang/Github/RombotRNTest/src/screens/JobList.js": {"path":"/Users/ethanwang/Github/RombotRNTest/src/screens/JobList.js","statementMap":{"0":{"start":{"line":22,"column":4},"end":{"line":22,"column":21}},"1":{"start":{"line":25,"column":15},"end":{"line":28,"column":3}},"2":{"start":{"line":26,"column":4},"end":{"line":26,"column":63}},"3":{"start":{"line":26,"column":55},"end":{"line":26,"column":61}},"4":{"start":{"line":27,"column":4},"end":{"line":27,"column":40}},"5":{"start":{"line":30,"column":18},"end":{"line":43,"column":3}},"6":{"start":{"line":31,"column":4},"end":{"line":42,"column":5}},"7":{"start":{"line":38,"column":25},"end":{"line":38,"column":72}},"8":{"start":{"line":45,"column":19},"end":{"line":52,"column":3}},"9":{"start":{"line":46,"column":4},"end":{"line":51,"column":5}},"10":{"start":{"line":49,"column":23},"end":{"line":49,"column":79}},"11":{"start":{"line":54,"column":21},"end":{"line":54,"column":45}},"12":{"start":{"line":54,"column":38},"end":{"line":54,"column":45}},"13":{"start":{"line":56,"column":18},"end":{"line":66,"column":3}},"14":{"start":{"line":57,"column":4},"end":{"line":65,"column":5}},"15":{"start":{"line":69,"column":21},"end":{"line":69,"column":31}},"16":{"start":{"line":71,"column":4},"end":{"line":88,"column":5}},"17":{"start":{"line":94,"column":15},"end":{"line":122,"column":2}},"18":{"start":{"line":124,"column":24},"end":{"line":132,"column":1}},"19":{"start":{"line":125,"column":2},"end":{"line":131,"column":3}},"20":{"start":{"line":134,"column":27},"end":{"line":137,"column":1}},"21":{"start":{"line":141,"column":0},"end":{"line":149,"column":1}}},"fnMap":{"0":{"name":"(anonymous_0)","decl":{"start":{"line":21,"column":2},"end":{"line":21,"column":3}},"loc":{"start":{"line":21,"column":22},"end":{"line":23,"column":3}},"line":21},"1":{"name":"(anonymous_1)","decl":{"start":{"line":25,"column":15},"end":{"line":25,"column":16}},"loc":{"start":{"line":25,"column":21},"end":{"line":28,"column":3}},"line":25},"2":{"name":"(anonymous_2)","decl":{"start":{"line":30,"column":18},"end":{"line":30,"column":19}},"loc":{"start":{"line":30,"column":24},"end":{"line":43,"column":3}},"line":30},"3":{"name":"(anonymous_3)","decl":{"start":{"line":38,"column":19},"end":{"line":38,"column":20}},"loc":{"start":{"line":38,"column":25},"end":{"line":38,"column":72}},"line":38},"4":{"name":"(anonymous_4)","decl":{"start":{"line":45,"column":19},"end":{"line":45,"column":20}},"loc":{"start":{"line":45,"column":38},"end":{"line":52,"column":3}},"line":45},"5":{"name":"(anonymous_5)","decl":{"start":{"line":49,"column":17},"end":{"line":49,"column":18}},"loc":{"start":{"line":49,"column":23},"end":{"line":49,"column":79}},"line":49},"6":{"name":"(anonymous_6)","decl":{"start":{"line":54,"column":21},"end":{"line":54,"column":22}},"loc":{"start":{"line":54,"column":38},"end":{"line":54,"column":45}},"line":54},"7":{"name":"(anonymous_7)","decl":{"start":{"line":56,"column":18},"end":{"line":56,"column":19}},"loc":{"start":{"line":56,"column":24},"end":{"line":66,"column":3}},"line":56},"8":{"name":"(anonymous_8)","decl":{"start":{"line":68,"column":2},"end":{"line":68,"column":3}},"loc":{"start":{"line":68,"column":11},"end":{"line":89,"column":3}},"line":68},"9":{"name":"(anonymous_9)","decl":{"start":{"line":124,"column":24},"end":{"line":124,"column":25}},"loc":{"start":{"line":124,"column":33},"end":{"line":132,"column":1}},"line":124}},"branchMap":{"0":{"loc":{"start":{"line":26,"column":4},"end":{"line":26,"column":63}},"type":"if","locations":[{"start":{"line":26,"column":4},"end":{"line":26,"column":63}},{"start":{"line":26,"column":4},"end":{"line":26,"column":63}}],"line":26},"1":{"loc":{"start":{"line":26,"column":8},"end":{"line":26,"column":51}},"type":"binary-expr","locations":[{"start":{"line":26,"column":8},"end":{"line":26,"column":26}},{"start":{"line":26,"column":30},"end":{"line":26,"column":51}}],"line":26},"2":{"loc":{"start":{"line":59,"column":9},"end":{"line":63,"column":9}},"type":"cond-expr","locations":[{"start":{"line":60,"column":10},"end":{"line":60,"column":57}},{"start":{"line":62,"column":10},"end":{"line":62,"column":43}}],"line":59},"3":{"loc":{"start":{"line":84,"column":9},"end":{"line":86,"column":9}},"type":"binary-expr","locations":[{"start":{"line":84,"column":9},"end":{"line":84,"column":45}},{"start":{"line":85,"column":10},"end":{"line":85,"column":38}}],"line":84}},"s":{"0":3,"1":3,"2":3,"3":0,"4":3,"5":3,"6":1,"7":0,"8":3,"9":0,"10":0,"11":3,"12":0,"13":3,"14":1,"15":3,"16":3,"17":2,"18":2,"19":1,"20":2,"21":2},"f":{"0":3,"1":3,"2":1,"3":0,"4":0,"5":0,"6":0,"7":1,"8":3,"9":1},"b":{"0":[0,3],"1":[3,3],"2":[0,1],"3":[3,1]},"_coverageSchema":"43e27e138ebf9cfc5966b082cf9a028302ed4184","hash":"2d57aca61a508a7de891ea93d64fe95bc67df9a4"}
,"/Users/ethanwang/Github/RombotRNTest/src/utils/index.js": {"path":"/Users/ethanwang/Github/RombotRNTest/src/utils/index.js","statementMap":{"0":{"start":{"line":3,"column":16},"end":{"line":3,"column":19}},"1":{"start":{"line":4,"column":17},"end":{"line":4,"column":20}},"2":{"start":{"line":5,"column":20},"end":{"line":5,"column":23}},"3":{"start":{"line":6,"column":21},"end":{"line":6,"column":24}},"4":{"start":{"line":7,"column":18},"end":{"line":7,"column":21}},"5":{"start":{"line":8,"column":19},"end":{"line":8,"column":23}},"6":{"start":{"line":10,"column":24},"end":{"line":10,"column":27}},"7":{"start":{"line":11,"column":25},"end":{"line":11,"column":29}},"8":{"start":{"line":12,"column":26},"end":{"line":12,"column":30}},"9":{"start":{"line":13,"column":25},"end":{"line":13,"column":29}},"10":{"start":{"line":15,"column":25},"end":{"line":27,"column":1}},"11":{"start":{"line":16,"column":2},"end":{"line":16,"column":41}},"12":{"start":{"line":16,"column":29},"end":{"line":16,"column":41}},"13":{"start":{"line":18,"column":45},"end":{"line":18,"column":69}},"14":{"start":{"line":20,"column":2},"end":{"line":26,"column":3}},"15":{"start":{"line":30,"column":42},"end":{"line":30,"column":43}},"16":{"start":{"line":31,"column":37},"end":{"line":31,"column":58}},"17":{"start":{"line":32,"column":33},"end":{"line":32,"column":107}},"18":{"start":{"line":33,"column":36},"end":{"line":33,"column":67}},"19":{"start":{"line":34,"column":29},"end":{"line":34,"column":68}},"20":{"start":{"line":36,"column":34},"end":{"line":36,"column":54}}},"fnMap":{"0":{"name":"(anonymous_0)","decl":{"start":{"line":15,"column":25},"end":{"line":15,"column":26}},"loc":{"start":{"line":15,"column":31},"end":{"line":27,"column":1}},"line":15}},"branchMap":{"0":{"loc":{"start":{"line":16,"column":2},"end":{"line":16,"column":41}},"type":"if","locations":[{"start":{"line":16,"column":2},"end":{"line":16,"column":41}},{"start":{"line":16,"column":2},"end":{"line":16,"column":41}}],"line":16},"1":{"loc":{"start":{"line":21,"column":4},"end":{"line":25,"column":61}},"type":"binary-expr","locations":[{"start":{"line":21,"column":4},"end":{"line":21,"column":25}},{"start":{"line":22,"column":6},"end":{"line":22,"column":27}},{"start":{"line":22,"column":31},"end":{"line":22,"column":50}},{"start":{"line":23,"column":7},"end":{"line":23,"column":27}},{"start":{"line":23,"column":31},"end":{"line":23,"column":51}},{"start":{"line":24,"column":6},"end":{"line":24,"column":31}},{"start":{"line":24,"column":35},"end":{"line":24,"column":58}},{"start":{"line":25,"column":7},"end":{"line":25,"column":31}},{"start":{"line":25,"column":35},"end":{"line":25,"column":59}}],"line":21},"2":{"loc":{"start":{"line":31,"column":37},"end":{"line":31,"column":58}},"type":"cond-expr","locations":[{"start":{"line":31,"column":51},"end":{"line":31,"column":53}},{"start":{"line":31,"column":56},"end":{"line":31,"column":58}}],"line":31},"3":{"loc":{"start":{"line":32,"column":33},"end":{"line":32,"column":107}},"type":"cond-expr","locations":[{"start":{"line":32,"column":57},"end":{"line":32,"column":78}},{"start":{"line":32,"column":81},"end":{"line":32,"column":107}}],"line":32},"4":{"loc":{"start":{"line":33,"column":36},"end":{"line":33,"column":67}},"type":"cond-expr","locations":[{"start":{"line":33,"column":60},"end":{"line":33,"column":62}},{"start":{"line":33,"column":65},"end":{"line":33,"column":67}}],"line":33},"5":{"loc":{"start":{"line":36,"column":34},"end":{"line":36,"column":54}},"type":"cond-expr","locations":[{"start":{"line":36,"column":48},"end":{"line":36,"column":50}},{"start":{"line":36,"column":53},"end":{"line":36,"column":54}}],"line":36}},"s":{"0":5,"1":5,"2":5,"3":5,"4":5,"5":5,"6":5,"7":5,"8":5,"9":5,"10":5,"11":10,"12":0,"13":10,"14":10,"15":5,"16":5,"17":5,"18":5,"19":5,"20":5},"f":{"0":10},"b":{"0":[0,10],"1":[10,10,0,10,0,10,0,10,0],"2":[0,5],"3":[5,0],"4":[5,0],"5":[0,5]},"_coverageSchema":"43e27e138ebf9cfc5966b082cf9a028302ed4184","hash":"deced6ec89b71df352c02dd8ff28a757994fc8e0"}
}
