TN:
SF:/Users/ethanwang/Github/RombotRNTest/App.js
FN:48,(anonymous_0)
FNF:1
FNH:1
FNDA:1,(anonymous_0)
DA:18,1
DA:41,1
DA:43,1
DA:44,1
DA:45,1
DA:49,1
LF:6
LH:6
BRF:0
BRH:0
end_of_record
TN:
SF:/Users/ethanwang/Github/RombotRNTest/__tests__/__fixtures__/bleDevices.js
FNF:0
FNH:0
DA:2,2
LF:1
LH:1
BRF:0
BRH:0
end_of_record
TN:
SF:/Users/ethanwang/Github/RombotRNTest/__tests__/__fixtures__/jobsResponses.js
FNF:0
FNH:0
DA:1,2
DA:15,2
DA:576,2
DA:665,2
LF:4
LH:4
BRF:0
BRH:0
end_of_record
TN:
SF:/Users/ethanwang/Github/RombotRNTest/src/components/FastImageWithPlaceholder.js
FN:11,(anonymous_0)
FN:18,(anonymous_1)
FN:29,(anonymous_2)
FNF:3
FNH:2
FNDA:2,(anonymous_0)
FNDA:2,(anonymous_1)
FNDA:0,(anonymous_2)
DA:12,2
DA:13,2
DA:19,2
DA:20,2
DA:24,2
DA:29,0
DA:45,4
DA:58,4
LF:8
LH:7
BRDA:14,0,0,1
BRDA:14,0,1,1
BRDA:26,1,0,1
BRDA:26,1,1,1
BRDA:34,2,0,2
BRDA:34,2,1,1
BRF:6
BRH:6
end_of_record
TN:
SF:/Users/ethanwang/Github/RombotRNTest/src/components/JobCard.js
FN:26,(anonymous_0)
FN:41,(anonymous_1)
FN:54,(anonymous_2)
FN:129,(anonymous_3)
FN:134,(anonymous_4)
FN:136,(anonymous_5)
FN:153,(anonymous_6)
FN:273,(anonymous_7)
FNF:8
FNH:5
FNDA:6,(anonymous_0)
FNDA:36,(anonymous_1)
FNDA:10,(anonymous_2)
FNDA:2,(anonymous_3)
FNDA:0,(anonymous_4)
FNDA:0,(anonymous_5)
FNDA:4,(anonymous_6)
FNDA:0,(anonymous_7)
DA:26,4
DA:27,6
DA:28,6
DA:29,0
DA:36,6
DA:37,3
DA:42,36
DA:49,3
DA:54,4
DA:56,10
DA:57,10
DA:59,10
DA:116,4
DA:122,4
DA:129,4
DA:130,2
DA:134,0
DA:136,0
DA:154,4
DA:158,3
DA:160,3
DA:162,3
DA:273,3
DA:274,0
DA:281,3
DA:287,3
LF:26
LH:22
BRDA:28,0,0,0
BRDA:28,0,1,6
BRDA:36,1,0,3
BRDA:36,1,1,3
BRDA:36,2,0,6
BRDA:36,2,1,3
BRDA:57,3,0,6
BRDA:57,3,1,4
BRDA:60,4,0,6
BRDA:60,4,1,4
BRDA:69,5,0,3
BRDA:69,5,1,7
BRDA:98,6,0,10
BRDA:98,6,1,6
BRDA:100,7,0,10
BRDA:100,7,1,6
BRDA:103,8,0,6
BRDA:103,8,1,6
BRDA:154,9,0,2
BRDA:154,9,1,2
BRDA:154,10,0,2
BRDA:154,10,1,0
BRF:22
BRH:20
end_of_record
TN:
SF:/Users/ethanwang/Github/RombotRNTest/src/redux/index.js
FN:16,reducer
FN:61,(anonymous_1)
FN:74,listJobs
FN:85,setJobSelectedIndex
FN:94,resetJobSelectedIndex
FN:100,getJobId
FN:112,getRelatedSkills
FN:124,setJobSelectedIndexAndGetRelatedSkills
FN:125,(anonymous_8)
FN:131,(anonymous_9)
FN:139,addBleDevice
FN:148,setBleDeviceSelectedIndex
FN:157,resetBleDeviceSelectedIndex
FN:165,updateObjectInArray
FN:166,(anonymous_14)
FNF:15
FNH:4
FNDA:2,reducer
FNDA:0,(anonymous_1)
FNDA:1,listJobs
FNDA:1,setJobSelectedIndex
FNDA:1,resetJobSelectedIndex
FNDA:0,getJobId
FNDA:0,getRelatedSkills
FNDA:0,setJobSelectedIndexAndGetRelatedSkills
FNDA:0,(anonymous_8)
FNDA:0,(anonymous_9)
FNDA:0,addBleDevice
FNDA:0,setBleDeviceSelectedIndex
FNDA:0,resetBleDeviceSelectedIndex
FNDA:0,updateObjectInArray
FNDA:0,(anonymous_14)
DA:1,6
DA:2,6
DA:3,6
DA:4,6
DA:5,6
DA:6,6
DA:7,6
DA:8,6
DA:9,6
DA:10,6
DA:11,6
DA:12,6
DA:13,6
DA:14,6
DA:30,2
DA:32,1
DA:34,0
DA:36,0
DA:38,0
DA:40,0
DA:42,0
DA:44,0
DA:46,0
DA:47,0
DA:48,0
DA:50,0
DA:52,0
DA:54,0
DA:55,0
DA:57,0
DA:59,0
DA:61,0
DA:62,0
DA:64,0
DA:66,0
DA:68,0
DA:70,1
DA:75,1
DA:86,1
DA:95,1
DA:101,0
DA:113,0
DA:125,0
DA:127,0
DA:128,0
DA:130,0
DA:131,0
DA:132,0
DA:133,0
DA:140,0
DA:149,0
DA:158,0
DA:166,0
DA:167,0
DA:169,0
DA:173,0
LF:56
LH:20
BRDA:17,0,0,1
BRDA:30,1,0,1
BRDA:30,1,1,0
BRDA:30,1,2,0
BRDA:30,1,3,0
BRDA:30,1,4,0
BRDA:30,1,5,0
BRDA:30,1,6,0
BRDA:30,1,7,0
BRDA:30,1,8,0
BRDA:30,1,9,0
BRDA:30,1,10,0
BRDA:30,1,11,0
BRDA:30,1,12,0
BRDA:30,1,13,0
BRDA:30,1,14,1
BRDA:46,2,0,0
BRDA:46,2,1,0
BRDA:46,3,0,0
BRDA:46,3,1,0
BRDA:61,4,0,0
BRDA:61,4,1,0
BRDA:130,5,0,0
BRDA:130,5,1,0
BRDA:167,6,0,0
BRDA:167,6,1,0
BRF:26
BRH:3
end_of_record
TN:
SF:/Users/ethanwang/Github/RombotRNTest/src/res/Colors.js
FNF:0
FNH:0
LF:0
LH:0
BRF:0
BRH:0
end_of_record
TN:
SF:/Users/ethanwang/Github/RombotRNTest/src/screens/BluetoothDetail.js
FN:19,(anonymous_0)
FN:24,(anonymous_1)
FN:41,(anonymous_2)
FN:49,(anonymous_3)
FN:53,(anonymous_4)
FN:64,(anonymous_5)
FN:136,(anonymous_6)
FNF:7
FNH:4
FNDA:0,(anonymous_0)
FNDA:1,(anonymous_1)
FNDA:6,(anonymous_2)
FNDA:2,(anonymous_3)
FNDA:0,(anonymous_4)
FNDA:1,(anonymous_5)
FNDA:0,(anonymous_6)
DA:19,1
DA:20,0
DA:21,0
DA:24,1
DA:25,1
DA:41,1
DA:42,6
DA:49,1
DA:50,2
DA:51,0
DA:54,0
DA:60,2
DA:65,1
DA:66,1
DA:68,1
DA:101,2
DA:136,2
DA:137,0
DA:143,2
DA:149,2
LF:20
LH:15
BRDA:44,0,0,2
BRDA:44,0,1,4
BRDA:50,1,0,0
BRDA:50,1,1,2
BRDA:66,2,0,1
BRDA:66,2,1,0
BRDA:79,3,0,1
BRDA:79,3,1,0
BRF:8
BRH:5
end_of_record
TN:
SF:/Users/ethanwang/Github/RombotRNTest/src/screens/BluetoothList.js
FN:23,(anonymous_0)
FN:28,(anonymous_1)
FN:31,(anonymous_2)
FN:43,(anonymous_3)
FN:47,(anonymous_4)
FN:51,(anonymous_5)
FN:60,(anonymous_6)
FN:63,(anonymous_7)
FN:81,(anonymous_8)
FN:86,(anonymous_9)
FN:95,(anonymous_10)
FN:103,(anonymous_11)
FN:107,(anonymous_12)
FN:114,(anonymous_13)
FN:116,(anonymous_14)
FN:134,(anonymous_15)
FN:136,(anonymous_16)
FN:143,(anonymous_17)
FN:222,(anonymous_18)
FNF:19
FNH:4
FNDA:1,(anonymous_0)
FNDA:1,(anonymous_1)
FNDA:0,(anonymous_2)
FNDA:0,(anonymous_3)
FNDA:1,(anonymous_4)
FNDA:0,(anonymous_5)
FNDA:0,(anonymous_6)
FNDA:0,(anonymous_7)
FNDA:0,(anonymous_8)
FNDA:0,(anonymous_9)
FNDA:0,(anonymous_10)
FNDA:0,(anonymous_11)
FNDA:0,(anonymous_12)
FNDA:0,(anonymous_13)
FNDA:0,(anonymous_14)
FNDA:0,(anonymous_15)
FNDA:0,(anonymous_16)
FNDA:1,(anonymous_17)
FNDA:0,(anonymous_18)
DA:24,1
DA:25,1
DA:30,1
DA:31,0
DA:32,0
DA:33,0
DA:35,0
DA:39,1
DA:44,0
DA:47,1
DA:48,1
DA:52,0
DA:53,0
DA:54,0
DA:56,0
DA:60,1
DA:64,0
DA:65,0
DA:75,0
DA:77,0
DA:81,1
DA:82,0
DA:83,0
DA:86,1
DA:87,0
DA:95,0
DA:103,1
DA:104,0
DA:107,1
DA:108,0
DA:114,1
DA:115,0
DA:116,0
DA:134,1
DA:136,1
DA:137,0
DA:144,1
DA:146,1
DA:165,2
DA:222,2
DA:223,0
DA:228,2
DA:235,2
LF:43
LH:20
BRDA:30,0,0,0
BRDA:30,0,1,1
BRDA:32,1,0,0
BRDA:32,1,1,0
BRDA:52,2,0,0
BRDA:52,2,1,0
BRDA:110,3,0,0
BRDA:110,3,1,0
BRF:8
BRH:1
end_of_record
TN:
SF:/Users/ethanwang/Github/RombotRNTest/src/screens/JobList.js
FN:21,(anonymous_0)
FN:25,(anonymous_1)
FN:30,(anonymous_2)
FN:38,(anonymous_3)
FN:45,(anonymous_4)
FN:49,(anonymous_5)
FN:54,(anonymous_6)
FN:56,(anonymous_7)
FN:68,(anonymous_8)
FN:124,(anonymous_9)
FNF:10
FNH:6
FNDA:3,(anonymous_0)
FNDA:3,(anonymous_1)
FNDA:1,(anonymous_2)
FNDA:0,(anonymous_3)
FNDA:0,(anonymous_4)
FNDA:0,(anonymous_5)
FNDA:0,(anonymous_6)
FNDA:1,(anonymous_7)
FNDA:3,(anonymous_8)
FNDA:1,(anonymous_9)
DA:22,3
DA:25,3
DA:26,3
DA:27,3
DA:30,3
DA:31,1
DA:38,0
DA:45,3
DA:46,0
DA:49,0
DA:54,3
DA:56,3
DA:57,1
DA:69,3
DA:71,3
DA:94,2
DA:124,2
DA:125,1
DA:134,2
DA:141,2
LF:20
LH:17
BRDA:26,0,0,0
BRDA:26,0,1,3
BRDA:26,1,0,3
BRDA:26,1,1,3
BRDA:59,2,0,0
BRDA:59,2,1,1
BRDA:84,3,0,3
BRDA:84,3,1,1
BRF:8
BRH:6
end_of_record
TN:
SF:/Users/ethanwang/Github/RombotRNTest/src/utils/index.js
FN:15,(anonymous_0)
FNF:1
FNH:1
FNDA:10,(anonymous_0)
DA:3,5
DA:4,5
DA:5,5
DA:6,5
DA:7,5
DA:8,5
DA:10,5
DA:11,5
DA:12,5
DA:13,5
DA:15,5
DA:16,10
DA:18,10
DA:20,10
DA:30,5
DA:31,5
DA:32,5
DA:33,5
DA:34,5
DA:36,5
LF:20
LH:20
BRDA:16,0,0,0
BRDA:16,0,1,10
BRDA:21,1,0,10
BRDA:21,1,1,10
BRDA:21,1,2,0
BRDA:21,1,3,10
BRDA:21,1,4,0
BRDA:21,1,5,10
BRDA:21,1,6,0
BRDA:21,1,7,10
BRDA:21,1,8,0
BRDA:31,2,0,0
BRDA:31,2,1,5
BRDA:32,3,0,5
BRDA:32,3,1,0
BRDA:33,4,0,5
BRDA:33,4,1,0
BRDA:36,5,0,0
BRDA:36,5,1,5
BRF:19
BRH:10
end_of_record
